	tau	x1	x2
 -I	
{x1 -> 0.09090390824983932138714237680687801912427 - 
 
>      0.0004463416504801252229425734263656977418577 I, 
 
>    x2 -> 0.0004482321170994846368934583225041023979429 + 
 
>      0.09103501942225629417482224425839376635849 I}


 -2I	
 {x1 -> 
 
>     0.08985543957253482039160275007816380821168 + 
 
>      0.01011184858297773173085865039411146426573 I, 
 
>    x2 -> -0.01015266419521171185891272870094326208346 + 
 
>      0.08997202233784072633593353884862153790891 I}

-3I    
{x1 -> 
 
>     0.09444311837404309462051799073378788307309 - 
 
                                                   -6
>      1.925012826244318115027909232850333864917 10   I, 
 
                                                       -6
>    x2 -> 1.973083009053733116207459893920450610949 10   + 
 
>      0.09458370400265120325755674457468558102846 I}


-4I
{x1 -> 
 
>     0.08869100127118224874411822611364186741412 + 
 
>      0.001896367155291055770285901793670291226590 I, 
 
>    x2 -> -0.001903849103536833830066510309109162335517 + 
 
>      0.08880733216204511615288197390327695757151 I}



-5I 
{x1 -> 
 
>     0.09004406192928268715114370479568606242537 + 
 
                                                   -6
>      4.228831617268159499128943323853491165210 10   I, 
 
                                                        -6
>    x2 -> -4.402695090213498022924717284487527990677 10   + 
 
>      0.09016603203727788229393524943589000031352 I}

-6I
{x1 -> 
 
>     0.08976292009758012058195930649162619374692 + 
 
>      0.0003008189701797891590223654745273051958065 I, 
 
>    x2 -> -0.0003020342666850641842254954205770900443895 + 
 
>      0.08988370199338477362083210664422949776053 I}

-7I
{x1 -> 
 
>     0.09013134782958716340051097404284519143403 + 
 
>      0.0005903224015800798488151635012854967499152 I, 
 
>    x2 -> -0.0005927684735171606222187135060153195809107 + 
 
>      0.09025354261848118897493264967124559916556 I}

-8I
{x1 -> 
 
>     0.09001869602598458475206655293732183054090 - 
 
>      0.00008170052615133671289598255027541995332285 I, 
 
>    x2 -> 0.00008204170861371589177322982688878028056934 + 
 
>      0.09014050151105389152572655575568205676973 I}


-9I
{x1 -> 
 
>     0.09001869602598458475206655293732183054090 - 
 
>      0.00008170052615133671289598255027541995332285 I, 
 
>    x2 -> 0.00008204170861371589177322982688878028056934 + 
 
>      0.09014050151105389152572655575568205676973 I}

-10I
{x1 -> 
 
>     0.09001869602598458475206655293732183054090 - 
 
>      0.00008170052615133671289598255027541995332285 I, 
 
>    x2 -> 0.00008204170861371589177322982688878028056934 + 
 
>      0.09014050151105389152572655575568205676973 I}


